{
  "RSpec": {
    "coverage": {
      "/home/gq/wksp/numberologicality/numberologicality.rb": [
        1,
        1,
        1,
        1,
        1,
        1,
        1,
        1,
        1,
        null,
        1,
        null,
        1,
        1,
        1,
        null,
        1,
        1,
        0,
        null,
        null,
        1,
        3,
        2,
        null,
        1,
        null,
        3,
        3,
        3,
        3,
        3,
        null,
        null,
        1,
        3,
        3,
        2,
        8,
        null,
        null,
        1,
        4,
        null,
        null,
        null,
        3,
        null,
        null,
        1,
        1,
        1,
        1,
        8,
        null,
        1,
        null,
        null,
        1,
        2,
        2,
        null,
        null,
        1,
        3,
        2,
        0,
        null,
        2,
        null,
        1,
        1,
        0,
        null,
        1,
        null,
        null,
        null,
        null,
        1,
        4,
        null,
        null,
        null,
        4,
        null,
        null,
        null,
        4,
        null,
        0,
        0,
        null,
        null,
        null,
        4,
        null,
        null,
        null,
        null,
        null,
        null,
        null,
        null,
        null,
        null,
        null,
        1,
        0,
        null,
        null,
        1,
        2,
        null,
        null,
        1,
        2,
        2,
        2,
        2,
        null,
        null,
        1,
        4,
        null,
        4,
        null,
        null,
        1,
        0,
        0,
        null,
        null,
        1,
        0,
        0,
        null,
        null,
        1,
        1,
        1,
        null,
        null,
        null,
        1
      ],
      "/home/gq/wksp/numberologicality/environments.rb": [
        1,
        1,
        1,
        null,
        null,
        1,
        0,
        null,
        0,
        null,
        null,
        null,
        null,
        null,
        null,
        null,
        null
      ],
      "/home/gq/wksp/numberologicality/lib/letter.rb": [
        1,
        1,
        null,
        1,
        null,
        27,
        null,
        1,
        10,
        null,
        null,
        1,
        26,
        26,
        24,
        null,
        2,
        null,
        null,
        null,
        1,
        133,
        null,
        null,
        1,
        285,
        null,
        null,
        1,
        47,
        45,
        null,
        2,
        null,
        null,
        null,
        1,
        68,
        66,
        null,
        2,
        null,
        null,
        null,
        1,
        100,
        460,
        null,
        null,
        1,
        0,
        null,
        null
      ],
      "/home/gq/wksp/numberologicality/lib/tabulaticate.rb": [
        1,
        null,
        1,
        null,
        1,
        24,
        24,
        null,
        88,
        24,
        64,
        64,
        62,
        62,
        21,
        20,
        null,
        1,
        null,
        null,
        41,
        40,
        null,
        1,
        null,
        null,
        null,
        null,
        24,
        null,
        null,
        1,
        66,
        100,
        100,
        100,
        null,
        null,
        66,
        166,
        66,
        null,
        null,
        1,
        154,
        154,
        2,
        null,
        152,
        152,
        438,
        152,
        152,
        null,
        152,
        null,
        null,
        null,
        1,
        22,
        22,
        22,
        null,
        null,
        1,
        22,
        22,
        null,
        null,
        null,
        22,
        null,
        null,
        22,
        null,
        null,
        22,
        22,
        null,
        null,
        null,
        null,
        null,
        null,
        null,
        null,
        null,
        null,
        null,
        null,
        null,
        null,
        null,
        null,
        null,
        null,
        null,
        null,
        1,
        22,
        22,
        null,
        null
      ],
      "/home/gq/wksp/numberologicality/lib/person.rb": [
        1,
        1,
        1,
        null,
        1,
        1,
        1,
        null,
        1,
        21,
        21,
        21,
        21,
        21,
        21,
        null,
        12,
        null,
        21,
        null,
        null,
        1,
        3,
        3,
        null,
        3,
        null,
        3,
        24,
        null,
        null,
        null,
        null,
        null,
        null,
        null,
        null,
        null,
        3,
        null,
        null,
        null,
        null,
        null,
        null,
        1,
        3,
        1,
        1,
        8,
        null,
        null,
        null,
        3,
        2,
        null,
        3,
        null,
        null,
        null,
        1,
        1,
        1,
        1,
        1,
        1,
        1,
        1,
        1,
        1,
        1,
        1,
        null,
        null,
        1,
        null
      ],
      "/home/gq/wksp/numberologicality/spec/person_spec.rb": [
        1,
        null,
        1,
        1,
        5,
        null,
        1,
        1,
        1,
        1,
        1,
        null,
        1,
        1,
        1,
        null,
        null,
        1,
        1,
        1,
        null,
        1,
        null,
        null,
        1,
        1,
        1,
        1,
        1,
        null,
        1,
        1,
        1,
        1,
        null,
        null,
        1,
        1,
        1,
        null,
        1,
        null,
        null,
        1,
        1,
        1,
        1,
        1,
        1,
        null,
        1,
        1,
        1,
        null,
        null,
        null,
        null,
        1,
        1,
        3,
        3,
        3,
        null,
        null,
        1,
        1,
        1,
        1,
        null,
        1,
        1,
        1,
        null,
        null,
        1,
        1,
        1,
        1,
        1,
        1,
        1,
        null,
        1,
        1,
        1,
        1,
        1,
        1,
        null,
        null,
        1,
        1,
        1,
        null,
        1,
        1,
        1,
        1,
        null,
        null
      ]
    },
    "timestamp": 1419188375
  }
}
